This is pdfTeX, Version 3.14159265-2.6-1.40.19 (TeX Live 2018) (preloaded format=pdflatex 2018.5.30)  30 MAY 2018 16:47
entering extended mode
 restricted \write18 enabled.
 file:line:error style messages enabled.
 %&-line parsing enabled.
**"Final Report.tex"
(./Final Report.tex
LaTeX2e <2018-04-01> patch level 2
Babel <3.18> and hyphenation patterns for 84 language(s) loaded.
(/usr/local/texlive/2018/texmf-dist/tex/latex/base/report.cls
Document Class: report 2014/09/29 v1.4h Standard LaTeX document class
(/usr/local/texlive/2018/texmf-dist/tex/latex/base/size12.clo
File: size12.clo 2014/09/29 v1.4h Standard LaTeX file (size option)
)
\c@part=\count80
\c@chapter=\count81
\c@section=\count82
\c@subsection=\count83
\c@subsubsection=\count84
\c@paragraph=\count85
\c@subparagraph=\count86
\c@figure=\count87
\c@table=\count88
\abovecaptionskip=\skip41
\belowcaptionskip=\skip42
\bibindent=\dimen102
)
(/usr/local/texlive/2018/texmf-dist/tex/latex/amsfonts/amssymb.sty
Package: amssymb 2013/01/14 v3.01 AMS font symbols

(/usr/local/texlive/2018/texmf-dist/tex/latex/amsfonts/amsfonts.sty
Package: amsfonts 2013/01/14 v3.01 Basic AMSFonts support
\@emptytoks=\toks14
\symAMSa=\mathgroup4
\symAMSb=\mathgroup5
LaTeX Font Info:    Overwriting math alphabet `\mathfrak' in version `bold'
(Font)                  U/euf/m/n --> U/euf/b/n on input line 106.
))
(/usr/local/texlive/2018/texmf-dist/tex/latex/amsmath/amsmath.sty
Package: amsmath 2017/09/02 v2.17a AMS math features
\@mathmargin=\skip43

For additional information on amsmath, use the `?' option.
(/usr/local/texlive/2018/texmf-dist/tex/latex/amsmath/amstext.sty
Package: amstext 2000/06/29 v2.01 AMS text

(/usr/local/texlive/2018/texmf-dist/tex/latex/amsmath/amsgen.sty
File: amsgen.sty 1999/11/30 v2.0 generic functions
\@emptytoks=\toks15
\ex@=\dimen103
))
(/usr/local/texlive/2018/texmf-dist/tex/latex/amsmath/amsbsy.sty
Package: amsbsy 1999/11/29 v1.2d Bold Symbols
\pmbraise@=\dimen104
)
(/usr/local/texlive/2018/texmf-dist/tex/latex/amsmath/amsopn.sty
Package: amsopn 2016/03/08 v2.02 operator names
)
\inf@bad=\count89
LaTeX Info: Redefining \frac on input line 213.
\uproot@=\count90
\leftroot@=\count91
LaTeX Info: Redefining \overline on input line 375.
\classnum@=\count92
\DOTSCASE@=\count93
LaTeX Info: Redefining \ldots on input line 472.
LaTeX Info: Redefining \dots on input line 475.
LaTeX Info: Redefining \cdots on input line 596.
\Mathstrutbox@=\box26
\strutbox@=\box27
\big@size=\dimen105
LaTeX Font Info:    Redeclaring font encoding OML on input line 712.
LaTeX Font Info:    Redeclaring font encoding OMS on input line 713.
\macc@depth=\count94
\c@MaxMatrixCols=\count95
\dotsspace@=\muskip10
\c@parentequation=\count96
\dspbrk@lvl=\count97
\tag@help=\toks16
\row@=\count98
\column@=\count99
\maxfields@=\count100
\andhelp@=\toks17
\eqnshift@=\dimen106
\alignsep@=\dimen107
\tagshift@=\dimen108
\tagwidth@=\dimen109
\totwidth@=\dimen110
\lineht@=\dimen111
\@envbody=\toks18
\multlinegap=\skip44
\multlinetaggap=\skip45
\mathdisplay@stack=\toks19
LaTeX Info: Redefining \[ on input line 2817.
LaTeX Info: Redefining \] on input line 2818.
)
(/usr/local/texlive/2018/texmf-dist/tex/latex/tools/verbatim.sty
Package: verbatim 2014/10/28 v1.5q LaTeX2e package for verbatim enhancements
\every@verbatim=\toks20
\verbatim@line=\toks21
\verbatim@in@stream=\read1
)
(/usr/local/texlive/2018/texmf-dist/tex/latex/graphics/graphicx.sty
Package: graphicx 2017/06/01 v1.1a Enhanced LaTeX Graphics (DPC,SPQR)

(/usr/local/texlive/2018/texmf-dist/tex/latex/graphics/keyval.sty
Package: keyval 2014/10/28 v1.15 key=value parser (DPC)
\KV@toks@=\toks22
)
(/usr/local/texlive/2018/texmf-dist/tex/latex/graphics/graphics.sty
Package: graphics 2017/06/25 v1.2c Standard LaTeX Graphics (DPC,SPQR)

(/usr/local/texlive/2018/texmf-dist/tex/latex/graphics/trig.sty
Package: trig 2016/01/03 v1.10 sin cos tan (DPC)
)
(/usr/local/texlive/2018/texmf-dist/tex/latex/graphics-cfg/graphics.cfg
File: graphics.cfg 2016/06/04 v1.11 sample graphics configuration
)
Package graphics Info: Driver file: pdftex.def on input line 99.

(/usr/local/texlive/2018/texmf-dist/tex/latex/graphics-def/pdftex.def
File: pdftex.def 2018/01/08 v1.0l Graphics/color driver for pdftex
))
\Gin@req@height=\dimen112
\Gin@req@width=\dimen113
)
(/usr/local/texlive/2018/texmf-dist/tex/latex/preprint/fullpage.sty
Package: fullpage 1999/02/23 1.1 (PWD)
\FP@margin=\skip46
)
(/usr/local/texlive/2018/texmf-dist/tex/latex/ms/ragged2e.sty
Package: ragged2e 2009/05/21 v2.1 ragged2e Package (MS)


LaTeX Warning: Command \@arrayparboxrestore  has changed.
               Check if current package is valid.

(/usr/local/texlive/2018/texmf-dist/tex/latex/ms/everysel.sty
Package: everysel 2011/10/28 v1.2 EverySelectfont Package (MS)
)
(/usr/local/texlive/2018/texmf-dist/tex/latex/footmisc/footmisc.sty
Package: footmisc 2011/06/06 v5.5b a miscellany of footnote facilities
\FN@temptoken=\toks23
\footnotemargin=\dimen114
\c@pp@next@reset=\count101
Package footmisc Info: Declaring symbol style bringhurst on input line 855.
Package footmisc Info: Declaring symbol style chicago on input line 863.
Package footmisc Info: Declaring symbol style wiley on input line 872.
Package footmisc Info: Declaring symbol style lamport-robust on input line 883.

Package footmisc Info: Declaring symbol style lamport* on input line 903.
Package footmisc Info: Declaring symbol style lamport*-robust on input line 924
.
)
\CenteringLeftskip=\skip47
\RaggedLeftLeftskip=\skip48
\RaggedRightLeftskip=\skip49
\CenteringRightskip=\skip50
\RaggedLeftRightskip=\skip51
\RaggedRightRightskip=\skip52
\CenteringParfillskip=\skip53
\RaggedLeftParfillskip=\skip54
\RaggedRightParfillskip=\skip55
\JustifyingParfillskip=\skip56
\CenteringParindent=\skip57
\RaggedLeftParindent=\skip58
\RaggedRightParindent=\skip59
\JustifyingParindent=\skip60
)
(/usr/local/texlive/2018/texmf-dist/tex/latex/hyperref/hyperref.sty
Package: hyperref 2018/02/06 v6.86b Hypertext links for LaTeX

(/usr/local/texlive/2018/texmf-dist/tex/generic/oberdiek/hobsub-hyperref.sty
Package: hobsub-hyperref 2016/05/16 v1.14 Bundle oberdiek, subset hyperref (HO)


(/usr/local/texlive/2018/texmf-dist/tex/generic/oberdiek/hobsub-generic.sty
Package: hobsub-generic 2016/05/16 v1.14 Bundle oberdiek, subset generic (HO)
Package: hobsub 2016/05/16 v1.14 Construct package bundles (HO)
Package: infwarerr 2016/05/16 v1.4 Providing info/warning/error messages (HO)
Package: ltxcmds 2016/05/16 v1.23 LaTeX kernel commands for general use (HO)
Package: ifluatex 2016/05/16 v1.4 Provides the ifluatex switch (HO)
Package ifluatex Info: LuaTeX not detected.
Package: ifvtex 2016/05/16 v1.6 Detect VTeX and its facilities (HO)
Package ifvtex Info: VTeX not detected.
Package: intcalc 2016/05/16 v1.2 Expandable calculations with integers (HO)
Package: ifpdf 2017/03/15 v3.2 Provides the ifpdf switch
Package: etexcmds 2016/05/16 v1.6 Avoid name clashes with e-TeX commands (HO)
Package etexcmds Info: Could not find \expanded.
(etexcmds)             That can mean that you are not using pdfTeX 1.50 or
(etexcmds)             that some package has redefined \expanded.
(etexcmds)             In the latter case, load this package earlier.
Package: kvsetkeys 2016/05/16 v1.17 Key value parser (HO)
Package: kvdefinekeys 2016/05/16 v1.4 Define keys (HO)
Package: pdftexcmds 2018/01/30 v0.27 Utility functions of pdfTeX for LuaTeX (HO
)
Package pdftexcmds Info: LuaTeX not detected.
Package pdftexcmds Info: \pdf@primitive is available.
Package pdftexcmds Info: \pdf@ifprimitive is available.
Package pdftexcmds Info: \pdfdraftmode found.
Package: pdfescape 2016/05/16 v1.14 Implements pdfTeX's escape features (HO)
Package: bigintcalc 2016/05/16 v1.4 Expandable calculations on big integers (HO
)
Package: bitset 2016/05/16 v1.2 Handle bit-vector datatype (HO)
Package: uniquecounter 2016/05/16 v1.3 Provide unlimited unique counter (HO)
)
Package hobsub Info: Skipping package `hobsub' (already loaded).
Package: letltxmacro 2016/05/16 v1.5 Let assignment for LaTeX macros (HO)
Package: hopatch 2016/05/16 v1.3 Wrapper for package hooks (HO)
Package: xcolor-patch 2016/05/16 xcolor patch
Package: atveryend 2016/05/16 v1.9 Hooks at the very end of document (HO)
Package atveryend Info: \enddocument detected (standard20110627).
Package: atbegshi 2016/06/09 v1.18 At begin shipout hook (HO)
Package: refcount 2016/05/16 v3.5 Data extraction from label references (HO)
Package: hycolor 2016/05/16 v1.8 Color options for hyperref/bookmark (HO)
)
(/usr/local/texlive/2018/texmf-dist/tex/generic/ifxetex/ifxetex.sty
Package: ifxetex 2010/09/12 v0.6 Provides ifxetex conditional
)
(/usr/local/texlive/2018/texmf-dist/tex/latex/oberdiek/auxhook.sty
Package: auxhook 2016/05/16 v1.4 Hooks for auxiliary files (HO)
)
(/usr/local/texlive/2018/texmf-dist/tex/latex/oberdiek/kvoptions.sty
Package: kvoptions 2016/05/16 v3.12 Key value format for package options (HO)
)
\@linkdim=\dimen115
\Hy@linkcounter=\count102
\Hy@pagecounter=\count103

(/usr/local/texlive/2018/texmf-dist/tex/latex/hyperref/pd1enc.def
File: pd1enc.def 2018/02/06 v6.86b Hyperref: PDFDocEncoding definition (HO)
Now handling font encoding PD1 ...
... no UTF-8 mapping file for font encoding PD1
)
\Hy@SavedSpaceFactor=\count104

(/usr/local/texlive/2018/texmf-dist/tex/latex/latexconfig/hyperref.cfg
File: hyperref.cfg 2002/06/06 v1.2 hyperref configuration of TeXLive
)
Package hyperref Info: Option `bookmarks' set `true' on input line 4383.
Package hyperref Info: Hyper figures OFF on input line 4509.
Package hyperref Info: Link nesting OFF on input line 4514.
Package hyperref Info: Hyper index ON on input line 4517.
Package hyperref Info: Plain pages OFF on input line 4524.
Package hyperref Info: Backreferencing OFF on input line 4529.
Package hyperref Info: Implicit mode ON; LaTeX internals redefined.
Package hyperref Info: Bookmarks ON on input line 4762.
\c@Hy@tempcnt=\count105

(/usr/local/texlive/2018/texmf-dist/tex/latex/url/url.sty
\Urlmuskip=\muskip11
Package: url 2013/09/16  ver 3.4  Verb mode for urls, etc.
)
LaTeX Info: Redefining \url on input line 5115.
\XeTeXLinkMargin=\dimen116
\Fld@menulength=\count106
\Field@Width=\dimen117
\Fld@charsize=\dimen118
Package hyperref Info: Hyper figures OFF on input line 6369.
Package hyperref Info: Link nesting OFF on input line 6374.
Package hyperref Info: Hyper index ON on input line 6377.
Package hyperref Info: backreferencing OFF on input line 6384.
Package hyperref Info: Link coloring OFF on input line 6389.
Package hyperref Info: Link coloring with OCG OFF on input line 6394.
Package hyperref Info: PDF/A mode OFF on input line 6399.
LaTeX Info: Redefining \ref on input line 6439.
LaTeX Info: Redefining \pageref on input line 6443.
\Hy@abspage=\count107
\c@Item=\count108
\c@Hfootnote=\count109
)
Package hyperref Info: Driver: hpdftex.

(/usr/local/texlive/2018/texmf-dist/tex/latex/hyperref/hpdftex.def
File: hpdftex.def 2018/02/06 v6.86b Hyperref driver for pdfTeX
\Fld@listcount=\count110
\c@bookmark@seq@number=\count111

(/usr/local/texlive/2018/texmf-dist/tex/latex/oberdiek/rerunfilecheck.sty
Package: rerunfilecheck 2016/05/16 v1.8 Rerun checks for auxiliary files (HO)
Package uniquecounter Info: New unique counter `rerunfilecheck' on input line 2
82.
)
\Hy@SectionHShift=\skip61
)
(/usr/local/texlive/2018/texmf-dist/tex/latex/listings/listings.sty
\lst@mode=\count112
\lst@gtempboxa=\box28
\lst@token=\toks24
\lst@length=\count113
\lst@currlwidth=\dimen119
\lst@column=\count114
\lst@pos=\count115
\lst@lostspace=\dimen120
\lst@width=\dimen121
\lst@newlines=\count116
\lst@lineno=\count117
\lst@maxwidth=\dimen122

(/usr/local/texlive/2018/texmf-dist/tex/latex/listings/lstmisc.sty
File: lstmisc.sty 2015/06/04 1.6 (Carsten Heinz)
\c@lstnumber=\count118
\lst@skipnumbers=\count119
\lst@framebox=\box29
)
(/usr/local/texlive/2018/texmf-dist/tex/latex/listings/listings.cfg
File: listings.cfg 2015/06/04 1.6 listings configuration
))
Package: listings 2015/06/04 1.6 (Carsten Heinz)

(/usr/local/texlive/2018/texmf-dist/tex/latex/xcolor/xcolor.sty
Package: xcolor 2016/05/11 v2.12 LaTeX color extensions (UK)

(/usr/local/texlive/2018/texmf-dist/tex/latex/graphics-cfg/color.cfg
File: color.cfg 2016/01/02 v1.6 sample color configuration
)
Package xcolor Info: Driver file: pdftex.def on input line 225.
Package xcolor Info: Model `cmy' substituted by `cmy0' on input line 1348.
Package xcolor Info: Model `hsb' substituted by `rgb' on input line 1352.
Package xcolor Info: Model `RGB' extended on input line 1364.
Package xcolor Info: Model `HTML' substituted by `rgb' on input line 1366.
Package xcolor Info: Model `Hsb' substituted by `hsb' on input line 1367.
Package xcolor Info: Model `tHsb' substituted by `hsb' on input line 1368.
Package xcolor Info: Model `HSB' substituted by `hsb' on input line 1369.
Package xcolor Info: Model `Gray' substituted by `gray' on input line 1370.
Package xcolor Info: Model `wave' substituted by `hsb' on input line 1371.
)
(/usr/local/texlive/2018/texmf-dist/tex/latex/tools/array.sty
Package: array 2018/04/07 v2.4g Tabular extension package (FMi)
\col@sep=\dimen123
\ar@mcellbox=\box30
\extrarowheight=\dimen124
\NC@list=\toks25
\extratabsurround=\skip62
\backup@length=\skip63
\ar@cellbox=\box31
)
(/usr/local/texlive/2018/texmf-dist/tex/latex/caption/caption.sty
Package: caption 2016/02/21 v3.3-144 Customizing captions (AR)

(/usr/local/texlive/2018/texmf-dist/tex/latex/caption/caption3.sty
Package: caption3 2016/05/22 v1.7-166 caption3 kernel (AR)
Package caption3 Info: TeX engine: e-TeX on input line 67.
\captionmargin=\dimen125
\captionmargin@=\dimen126
\captionwidth=\dimen127
\caption@tempdima=\dimen128
\caption@indent=\dimen129
\caption@parindent=\dimen130
\caption@hangindent=\dimen131
)
\c@ContinuedFloat=\count120
Package caption Info: hyperref package is loaded.
Package caption Info: listings package is loaded.
)
(/usr/local/texlive/2018/texmf-dist/tex/latex/listings/lstlang1.sty
File: lstlang1.sty 2015/06/04 1.6 listings language file
)
(/usr/local/texlive/2018/texmf-dist/tex/latex/listings/lstlang1.sty
File: lstlang1.sty 2015/06/04 1.6 listings language file
)

LaTeX Warning: Unused global option(s):
    [runningheads].

(./Final Report.aux (./Dedication.aux) (./Declaration.aux) (./Certificate.aux)
(./Acknowledgement.aux) (./Abstract.aux) (./Introduction1.aux)
(./Background1.aux) (./Methodology1.aux) (./WorkDone1.aux

LaTeX Warning: Label `my-label' multiply defined.


LaTeX Warning: Label `my-label' multiply defined.


LaTeX Warning: Label `my-label' multiply defined.


LaTeX Warning: Label `my-label' multiply defined.


LaTeX Warning: Label `my-label' multiply defined.


LaTeX Warning: Label `my-label' multiply defined.


LaTeX Warning: Label `my-label' multiply defined.


LaTeX Warning: Label `my-label' multiply defined.


LaTeX Warning: Label `my-label' multiply defined.


LaTeX Warning: Label `my-label' multiply defined.

))
\openout1 = `"Final Report.aux"'.

LaTeX Font Info:    Checking defaults for OML/cmm/m/it on input line 24.
LaTeX Font Info:    ... okay on input line 24.
LaTeX Font Info:    Checking defaults for T1/cmr/m/n on input line 24.
LaTeX Font Info:    ... okay on input line 24.
LaTeX Font Info:    Checking defaults for OT1/cmr/m/n on input line 24.
LaTeX Font Info:    ... okay on input line 24.
LaTeX Font Info:    Checking defaults for OMS/cmsy/m/n on input line 24.
LaTeX Font Info:    ... okay on input line 24.
LaTeX Font Info:    Checking defaults for OMX/cmex/m/n on input line 24.
LaTeX Font Info:    ... okay on input line 24.
LaTeX Font Info:    Checking defaults for U/cmr/m/n on input line 24.
LaTeX Font Info:    ... okay on input line 24.
LaTeX Font Info:    Checking defaults for PD1/pdf/m/n on input line 24.
LaTeX Font Info:    ... okay on input line 24.
 (/usr/local/texlive/2018/texmf-dist/tex/context/base/mkii/supp-pdf.mkii
[Loading MPS to PDF converter (version 2006.09.02).]
\scratchcounter=\count121
\scratchdimen=\dimen132
\scratchbox=\box32
\nofMPsegments=\count122
\nofMParguments=\count123
\everyMPshowfont=\toks26
\MPscratchCnt=\count124
\MPscratchDim=\dimen133
\MPnumerator=\count125
\makeMPintoPDFobject=\count126
\everyMPtoPDFconversion=\toks27
) (/usr/local/texlive/2018/texmf-dist/tex/latex/oberdiek/epstopdf-base.sty
Package: epstopdf-base 2016/05/15 v2.6 Base part for package epstopdf

(/usr/local/texlive/2018/texmf-dist/tex/latex/oberdiek/grfext.sty
Package: grfext 2016/05/16 v1.2 Manage graphics extensions (HO)
)
Package epstopdf-base Info: Redefining graphics rule for `.eps' on input line 4
38.
Package grfext Info: Graphics extension search list:
(grfext)             [.pdf,.png,.jpg,.mps,.jpeg,.jbig2,.jb2,.PDF,.PNG,.JPG,.JPE
G,.JBIG2,.JB2,.eps]
(grfext)             \AppendGraphicsExtensions on input line 456.

(/usr/local/texlive/2018/texmf-dist/tex/latex/latexconfig/epstopdf-sys.cfg
File: epstopdf-sys.cfg 2010/07/13 v1.3 Configuration of (r)epstopdf for TeX Liv
e
))
Package ragged2e Info: ABD: executing \RaggedRight on input line 24.

ABD: EverySelectfont initializing macros
LaTeX Info: Redefining \selectfont on input line 24.
\AtBeginShipoutBox=\box33
Package hyperref Info: Link coloring OFF on input line 24.

(/usr/local/texlive/2018/texmf-dist/tex/latex/hyperref/nameref.sty
Package: nameref 2016/05/21 v2.44 Cross-referencing by name of section

(/usr/local/texlive/2018/texmf-dist/tex/generic/oberdiek/gettitlestring.sty
Package: gettitlestring 2016/05/16 v1.5 Cleanup title references (HO)
)
\c@section@level=\count127
)
LaTeX Info: Redefining \ref on input line 24.
LaTeX Info: Redefining \pageref on input line 24.
LaTeX Info: Redefining \nameref on input line 24.

(./Final Report.out) (./Final Report.out)
\@outlinefile=\write3
\openout3 = `"Final Report.out"'.

\c@lstlisting=\count128
Package caption Info: Begin \AtBeginDocument code.
Package caption Info: End \AtBeginDocument code.
LaTeX Font Info:    Try loading font information for U+msa on input line 53.

(/usr/local/texlive/2018/texmf-dist/tex/latex/amsfonts/umsa.fd
File: umsa.fd 2013/01/14 v3.01 AMS symbols A
)
LaTeX Font Info:    Try loading font information for U+msb on input line 53.

(/usr/local/texlive/2018/texmf-dist/tex/latex/amsfonts/umsb.fd
File: umsb.fd 2013/01/14 v3.01 AMS symbols B
)
Overfull \hbox (4.6521pt too wide) in paragraph at lines 53--61
 [][] 
 []

<MITLogo.jpg, id=86, 459.243pt x 61.101pt>
File: MITLogo.jpg Graphic file (type jpg)
<use MITLogo.jpg>
Package pdftex.def Info: MITLogo.jpg  used on input line 69.
(pdftex.def)             Requested size: 459.24187pt x 61.10085pt.

Overfull \hbox (6.27397pt too wide) in paragraph at lines 69--70
 [] 
 []

[1

{/usr/local/texlive/2018/texmf-var/fonts/map/pdftex/updmap/pdftex.map} <./MITLo
go.jpg>]
\openout2 = `Dedication.aux'.

 (./Dedication.tex) [1

]
\openout2 = `Declaration.aux'.

 (./Declaration.tex) [2


]
\openout2 = `Certificate.aux'.

 (./Certificate.tex
File: MITLogo.jpg Graphic file (type jpg)
<use MITLogo.jpg>
Package pdftex.def Info: MITLogo.jpg  used on input line 4.
(pdftex.def)             Requested size: 459.24187pt x 61.10085pt.

Overfull \hbox (6.27397pt too wide) in paragraph at lines 4--5
 [] 
 []


Overfull \hbox (4.6521pt too wide) in paragraph at lines 21--29
 [][] 
 []

) [3


]
\openout2 = `Acknowledgement.aux'.

 (./Acknowledgement.tex) [4


]
\openout2 = `Abstract.aux'.

 (./Abstract.tex
Underfull \hbox (badness 10000) in paragraph at lines 6--7

 []


Underfull \hbox (badness 10000) in paragraph at lines 8--9

 []

) [5


] (./Final Report.lot)
\tf@lot=\write4
\openout4 = `"Final Report.lot"'.

 [6


] (./Final Report.lof)
\tf@lof=\write5
\openout5 = `"Final Report.lof"'.

 [7

] (./Final Report.toc)
\tf@toc=\write6
\openout6 = `"Final Report.toc"'.

pdfTeX warning (ext4): destination with the same identifier (name{page.1}) has 
been already used, duplicate ignored
<to be read again> 
                   \relax 
l.91 \part
          {Battery Performance Testing} [1

] [2

]
\openout2 = `Introduction1.aux'.

 (./Introduction1.tex
Chapter 1.

LaTeX Warning: Citation `idcsurvey' on page 3 undefined on input line 3.

[3


]) [4]
\openout2 = `Background1.aux'.

 (./Background1.tex
Chapter 2.

Underfull \hbox (badness 10000) in paragraph at lines 5--6

 []


Underfull \hbox (badness 10000) in paragraph at lines 7--8

 []


Underfull \hbox (badness 10000) in paragraph at lines 9--10

 []


LaTeX Warning: Citation `wakelock' on page 5 undefined on input line 11.


LaTeX Warning: Citation `stackoverflow' on page 5 undefined on input line 11.


Underfull \hbox (badness 10000) in paragraph at lines 11--12

 []

) [5



]
\openout2 = `Methodology1.aux'.

 (./Methodology1.tex
Chapter 3.

Underfull \hbox (badness 10000) in paragraph at lines 5--6

 []


Underfull \hbox (badness 10000) in paragraph at lines 9--10

 []


Underfull \hbox (badness 10000) in paragraph at lines 17--18

 []

LaTeX Font Info:    Try loading font information for OMS+cmr on input line 21.
(/usr/local/texlive/2018/texmf-dist/tex/latex/base/omscmr.fd
File: omscmr.fd 2014/09/29 v2.5h Standard LaTeX font definitions
)
LaTeX Font Info:    Font shape `OMS/cmr/m/n' in size <12> not available
(Font)              Font shape `OMS/cmsy/m/n' tried instead on input line 21.


LaTeX Warning: Citation `batteryhistorian' on page 6 undefined on input line 28
.


Underfull \hbox (badness 10000) in paragraph at lines 28--29

 []

[6



]
<Workflow.png, id=223, 733.74126pt x 181.67876pt>
File: Workflow.png Graphic file (type png)
<use Workflow.png>
Package pdftex.def Info: Workflow.png  used on input line 34.
(pdftex.def)             Requested size: 440.24815pt x 109.00809pt.
) [7 <./Workflow.png>]
\openout2 = `WorkDone1.aux'.

 (./WorkDone1.tex
Chapter 4.

LaTeX Warning: Citation `adb' on page 8 undefined on input line 5.

[8



]
Overfull \hbox (6.45612pt too wide) in paragraph at lines 37--38
[][][][][][][][][][][][][][][][][][][][][][][][][] 
 []


Overfull \hbox (13.86618pt too wide) in paragraph at lines 38--40
[][][][][][][][][][][][][][][][][][][][][][][][][] 
 []


Overfull \hbox (28.68631pt too wide) in paragraph at lines 42--43
[][][][][][][][][][][][][][][][][][][][][][][] 
 []


Underfull \hbox (badness 10000) in paragraph at lines 44--46

 []


Underfull \hbox (badness 10000) in paragraph at lines 47--48

 []


LaTeX Warning: Citation `uiautomator' on page 9 undefined on input line 49.


Underfull \hbox (badness 10000) in paragraph at lines 49--50

 []

[9]
LaTeX Font Info:    Font shape `OT1/cmtt/bx/n' in size <12> not available
(Font)              Font shape `OT1/cmtt/m/n' tried instead on input line 62.
 [10]

LaTeX Warning: Citation `uiautomatordoc' on page 11 undefined on input line 99.



Underfull \hbox (badness 10000) in paragraph at lines 99--100

 []


LaTeX Warning: Citation `robot' on page 11 undefined on input line 101.


Overfull \hbox (21.27625pt too wide) in paragraph at lines 132--133
[][][][][][][][][][][][][][][][][][][][][][][][][][][][][][][] 
 []

[11]
Underfull \hbox (badness 10000) in paragraph at lines 137--138

 []


LaTeX Warning: Citation `postfix' on page 12 undefined on input line 172.


Underfull \hbox (badness 10000) in paragraph at lines 172--173

 []


LaTeX Warning: Citation `compatibility' on page 12 undefined on input line 174.



Underfull \hbox (badness 10000) in paragraph at lines 174--175

 []

[12]
Underfull \hbox (badness 10000) in paragraph at lines 188--189

 []


Underfull \hbox (badness 10000) in paragraph at lines 190--191

 []


LaTeX Warning: Citation `msmtp' on page 13 undefined on input line 192.

[13]
Underfull \hbox (badness 10000) in paragraph at lines 215--216

 []


Overfull \hbox (3.61992pt too wide) in paragraph at lines 217--217
[]\OT1/cmr/bx/n/17.28 Segregating the Test Cases (TCs) which test most
 []

[14]
Underfull \hbox (badness 10000) in paragraph at lines 236--237

 []


Underfull \hbox (badness 10000) in paragraph at lines 238--239

 []


LaTeX Warning: `!h' float specifier changed to `!ht'.

[15]
Underfull \hbox (badness 10000) in paragraph at lines 301--302

 []

[16]
Underfull \hbox (badness 10000) in paragraph at lines 340--341

 []

[17]
Underfull \hbox (badness 10000) in paragraph at lines 347--348

 []


Underfull \hbox (badness 10000) in paragraph at lines 358--359

 []


Underfull \hbox (badness 10000) in paragraph at lines 360--361

 []


Underfull \hbox (badness 10000) in paragraph at lines 362--363

 []

[18]
Underfull \hbox (badness 10000) in paragraph at lines 371--372

 []

<reporter2.png, id=422, 1503.6175pt x 951.555pt>
File: reporter2.png Graphic file (type png)
<use reporter2.png>
Package pdftex.def Info: reporter2.png  used on input line 386.
(pdftex.def)             Requested size: 526.27402pt x 333.04924pt.

Overfull \hbox (73.30612pt too wide) in paragraph at lines 386--387
 [] 
 []

<reporter1.png, id=423, 528.97626pt x 962.59625pt>
File: reporter1.png Graphic file (type png)
<use reporter1.png>
Package pdftex.def Info: reporter1.png  used on input line 393.
(pdftex.def)             Requested size: 317.3882pt x 577.56221pt.
[19]

LaTeX Warning: `!h' float specifier changed to `!ht'.

[20 <./reporter2.png>] [21 <./reporter1.png>]
Overfull \hbox (37.77615pt too wide) in paragraph at lines 431--438
 [][] 
 []


Overfull \hbox (22.76663pt too wide) in paragraph at lines 443--453
 [][] 
 []


LaTeX Warning: `!h' float specifier changed to `!ht'.


Overfull \hbox (22.76659pt too wide) in paragraph at lines 459--469
 [][] 
 []


LaTeX Warning: `!h' float specifier changed to `!ht'.

[22]
Overfull \hbox (37.77615pt too wide) in paragraph at lines 493--500
 [][] 
 []


Overfull \hbox (22.76663pt too wide) in paragraph at lines 505--515
 [][] 
 []


LaTeX Warning: `!h' float specifier changed to `!ht'.


LaTeX Warning: `!h' float specifier changed to `!ht'.


Overfull \hbox (22.76659pt too wide) in paragraph at lines 521--531
 [][] 
 []


LaTeX Warning: `!h' float specifier changed to `!ht'.

[23]
Underfull \hbox (badness 10000) in paragraph at lines 540--541

 []

[24]
<diff1.png, id=456, 400.49625pt x 721.69624pt>
File: diff1.png Graphic file (type png)
<use diff1.png>
Package pdftex.def Info: diff1.png  used on input line 552.
(pdftex.def)             Requested size: 240.29959pt x 433.02109pt.
<diff2.png, id=457, 825.0825pt x 279.0425pt>
File: diff2.png Graphic file (type png)
<use diff2.png>
Package pdftex.def Info: diff2.png  used on input line 558.
(pdftex.def)             Requested size: 412.54024pt x 139.5209pt.
)

LaTeX Warning: `!h' float specifier changed to `!ht'.

[25] [26 <./diff1.png> <./diff2.png>]
\bibstyle{IEEEtran}
\bibcite{idcsurvey}{1}

Underfull \hbox (badness 10000) in paragraph at lines 106--107
[]\OT1/cmr/m/n/12 ``IDC sur-vey shows bat-tery life is most im-por-tant
 []


Underfull \hbox (badness 10000) in paragraph at lines 106--107
\OT1/cmr/m/n/12 when buy-ing smart-phone", \OT1/cmr/m/it/12 GS-MArena \OT1/cmr/
m/n/12 [On-line]. Avail-able:
 []


Overfull \hbox (9.90991pt too wide) in paragraph at lines 106--107
\OT1/cmtt/m/n/12 http://blog.gsmarena.com/idc-surveys-50000-people-reasons-behi
nd-buying-
 []

\bibcite{wakelock}{2}

Underfull \hbox (badness 10000) in paragraph at lines 109--110
[]\OT1/cmr/m/n/12 ``Keeping the De-vice Awake", \OT1/cmr/m/it/12 An-droid De-ve
l-op-ers \OT1/cmr/m/n/12 [On-line]. Avail-able:
 []

\bibcite{stackoverflow}{3}

Underfull \hbox (badness 10000) in paragraph at lines 111--112
[]\OT1/cmr/m/n/12 ``Is there any type of par-tial wake lock mech-
 []


Underfull \hbox (badness 10000) in paragraph at lines 111--112
\OT1/cmr/m/n/12 a-nism in ios?", \OT1/cmr/m/it/12 Stack-over-flow \OT1/cmr/m/n/
12 [On-line]. Avail-able:
 []


Overfull \hbox (3.73491pt too wide) in paragraph at lines 111--112
\OT1/cmtt/m/n/12 stackoverflow.com/questions/20580157/is-there-any-type-of-part
ial-wake-
 []

\bibcite{batteryhistorian}{4}

Underfull \hbox (badness 10000) in paragraph at lines 114--115
\OT1/cmr/m/n/12 able: \OT1/cmtt/m/n/12 https://developer.android.com/topic/perf
ormance/power/battery-
 []

\bibcite{adb}{5}

Underfull \hbox (badness 10000) in paragraph at lines 117--118
[]\OT1/cmr/m/n/12 ``Android De-bug Bridge (adb)", \OT1/cmr/m/it/12 An-droid De-
vel-op-ers \OT1/cmr/m/n/12 [On-line]. Avail-able:
 []

\bibcite{uiautomator}{6}
\bibcite{uiautomatordoc}{7}

Overfull \hbox (35.70543pt too wide) in paragraph at lines 123--124
[]\OT1/cmr/m/n/12 ``UIAutomator", \OT1/cmr/m/it/12 GitHub \OT1/cmr/m/n/12 [On-l
ine]. Avail-able: \OT1/cmtt/m/n/12 https://github.com/xiaocong/uiautomator 
 []

\bibcite{robot}{8}

Underfull \hbox (badness 10000) in paragraph at lines 126--127
[]\OT1/cmr/m/n/12 ``Robot Frame-work", \OT1/cmr/m/it/12 Robot Frame-work \OT1/c
mr/m/n/12 [On-line]. Avail-able:
 []

\bibcite{postfix}{9}

Overfull \hbox (9.90991pt too wide) in paragraph at lines 129--130
\OT1/cmtt/m/n/12 https://www.howtoforge.com/tutorial/configure-postfix-to-use-g
mail-as-a-
 []

\bibcite{compatibility}{10}

Underfull \hbox (badness 2418) in paragraph at lines 132--133
[]\OT1/cmr/m/n/12 ``Postfix Back-wards Com-pata-bil-ity Safety Net", \OT1/cmr/m
/it/12 Post-fix \OT1/cmr/m/n/12 [On-line]. Avail-able:
 []

\bibcite{msmtp}{11}
Package atveryend Info: Empty hook `BeforeClearDocument' on input line 137.
[27


]
Package atveryend Info: Empty hook `AfterLastShipout' on input line 137.
 (./Final Report.aux (./Dedication.aux) (./Declaration.aux)
(./Certificate.aux) (./Acknowledgement.aux) (./Abstract.aux)
(./Introduction1.aux) (./Background1.aux) (./Methodology1.aux) (./WorkDone1.aux
))
Package atveryend Info: Executing hook `AtVeryEndDocument' on input line 137.
Package atveryend Info: Executing hook `AtEndAfterFileList' on input line 137.
Package rerunfilecheck Info: File `"Final Report".out' has not changed.
(rerunfilecheck)             Checksum: BB1A2CFB13651B7EF3B3F4347D86F56A;1534.


LaTeX Warning: There were undefined references.


LaTeX Warning: There were multiply-defined labels.

Package atveryend Info: Empty hook `AtVeryVeryEnd' on input line 137.
 ) 
Here is how much of TeX's memory you used:
 9947 strings out of 492649
 143323 string characters out of 6129622
 276785 words of memory out of 5000000
 13404 multiletter control sequences out of 15000+600000
 12047 words of font info for 45 fonts, out of 8000000 for 9000
 1141 hyphenation exceptions out of 8191
 36i,11n,46p,1694b,1940s stack positions out of 5000i,500n,10000p,200000b,80000s
</usr/local/texlive/2018/texmf-dist/fonts/type1/public/amsfonts/cm/cmbx10.pfb
></usr/local/texlive/2018/texmf-dist/fonts/type1/public/amsfonts/cm/cmbx12.pfb>
</usr/local/texlive/2018/texmf-dist/fonts/type1/public/amsfonts/cm/cmitt10.pfb>
</usr/local/texlive/2018/texmf-dist/fonts/type1/public/amsfonts/cm/cmr12.pfb></
usr/local/texlive/2018/texmf-dist/fonts/type1/public/amsfonts/cm/cmr6.pfb></usr
/local/texlive/2018/texmf-dist/fonts/type1/public/amsfonts/cm/cmr8.pfb></usr/lo
cal/texlive/2018/texmf-dist/fonts/type1/public/amsfonts/cm/cmsy10.pfb></usr/loc
al/texlive/2018/texmf-dist/fonts/type1/public/amsfonts/cm/cmti10.pfb></usr/loca
l/texlive/2018/texmf-dist/fonts/type1/public/amsfonts/cm/cmti12.pfb></usr/local
/texlive/2018/texmf-dist/fonts/type1/public/amsfonts/cm/cmtt12.pfb>
Output written on "Final Report.pdf" (35 pages, 395868 bytes).
PDF statistics:
 577 PDF objects out of 1000 (max. 8388607)
 513 compressed objects within 6 object streams
 246 named destinations out of 1000 (max. 500000)
 199 words of extra memory for PDF output out of 10000 (max. 10000000)

