\BOOKMARK [0][-]{table.caption.4}{Acknowlegements}{}% 1
\BOOKMARK [0][-]{table.caption.4}{Abstract}{}% 2
\BOOKMARK [0][-]{table.caption.4}{List of Tables}{}% 3
\BOOKMARK [0][-]{chapter*.5}{List of Figures}{}% 4
\BOOKMARK [-1][-]{part.1}{I Battery Performance Testing}{}% 5
\BOOKMARK [0][-]{chapter.1}{Introduction}{part.1}% 6
\BOOKMARK [1][-]{section.1.1}{Problem Definition}{chapter.1}% 7
\BOOKMARK [1][-]{section.1.2}{Objective}{chapter.1}% 8
\BOOKMARK [1][-]{section.1.3}{Scope}{chapter.1}% 9
\BOOKMARK [0][-]{chapter.2}{Background Theory}{part.1}% 10
\BOOKMARK [0][-]{chapter.3}{Methodology}{part.1}% 11
\BOOKMARK [0][-]{chapter.4}{Workdone So Far}{part.1}% 12
\BOOKMARK [1][-]{section.4.1}{Setting up battery historian and UI Automator automation setup:}{chapter.4}% 13
\BOOKMARK [1][-]{section.4.2}{Running UI Automator tests and understanding the flow}{chapter.4}% 14
\BOOKMARK [2][-]{subsection.4.2.1}{UI Automator}{section.4.2}% 15
\BOOKMARK [2][-]{subsection.4.2.2}{Robot Framework}{section.4.2}% 16
\BOOKMARK [1][-]{section.4.3}{Writing a shell script to send multiple emails:}{chapter.4}% 17
\BOOKMARK [2][-]{subsection.4.3.1}{Approaches tried:}{section.4.3}% 18
\BOOKMARK [1][-]{section.4.4}{Segregating the Test Cases \(TCs\) which test most commonly used UI interactions and add TAG as `BatteryPerf'}{chapter.4}% 19
\BOOKMARK [1][-]{section.4.5}{Creating a jenkins job and configure it to run Battery Performance automation: }{chapter.4}% 20
\BOOKMARK [1][-]{section.4.6}{Automating the entire process:}{chapter.4}% 21
